<?xml version="1.0" encoding="UTF-8" ?>
<testsuite errors="0" failures="0" hostname="sid-HP-Pavilion-Notebook" name="AirportTest" skipped="0" tests="5" time="0.092" timestamp="2020-08-01T08:36:27">
  <properties>
    <property name="ant.project.invoked-targets" value="test" />
    <property name="java.runtime.name" value="OpenJDK Runtime Environment" />
    <property name="sun.boot.library.path" value="/usr/lib/jvm/java-8-openjdk-amd64/jre/lib/amd64" />
    <property name="java.vm.version" value="25.252-b09" />
    <property name="ant.library.dir" value="/usr/share/ant/lib" />
    <property name="ant.version" value="Apache Ant(TM) version 1.9.6 compiled on July 20 2018" />
    <property name="ant.java.version" value="1.8" />
    <property name="java.vm.vendor" value="Private Build" />
    <property name="java.vendor.url" value="http://java.oracle.com/" />
    <property name="path.separator" value=":" />
    <property name="java.vm.name" value="OpenJDK 64-Bit Server VM" />
    <property name="file.encoding.pkg" value="sun.io" />
    <property name="user.country" value="IN" />
    <property name="sun.java.launcher" value="SUN_STANDARD" />
    <property name="sun.os.patch.level" value="unknown" />
    <property name="java.vm.specification.name" value="Java Virtual Machine Specification" />
    <property name="user.dir" value="/home/sid/IdeaProjects/AirportManagementSystem/AirportManagementSystem" />
    <property name="ant.file.type.AirportManagementSystem" value="file" />
    <property name="java.runtime.version" value="1.8.0_252-8u252-b09-1~16.04-b09" />
    <property name="java.awt.graphicsenv" value="sun.awt.X11GraphicsEnvironment" />
    <property name="basedir" value="/home/sid/IdeaProjects/AirportManagementSystem/AirportManagementSystem" />
    <property name="java.endorsed.dirs" value="/usr/lib/jvm/java-8-openjdk-amd64/jre/lib/endorsed" />
    <property name="os.arch" value="amd64" />
    <property name="ant.project.default-target" value="build" />
    <property name="java.io.tmpdir" value="/tmp" />
    <property name="ant.core.lib" value="/usr/share/ant/lib/ant.jar" />
    <property name="line.separator" value="&#xa;" />
    <property name="java.vm.specification.vendor" value="Oracle Corporation" />
    <property name="os.name" value="Linux" />
    <property name="ant.home" value="/usr/share/ant" />
    <property name="build.dir" value="build" />
    <property name="ant.project.name" value="AirportManagementSystem" />
    <property name="sun.jnu.encoding" value="UTF-8" />
    <property name="java.library.path" value="/usr/java/packages/lib/amd64:/usr/lib/x86_64-linux-gnu/jni:/lib/x86_64-linux-gnu:/usr/lib/x86_64-linux-gnu:/usr/lib/jni:/lib:/usr/lib" />
    <property name="java.class.version" value="52.0" />
    <property name="java.specification.name" value="Java Platform API Specification" />
    <property name="sun.management.compiler" value="HotSpot 64-Bit Tiered Compilers" />
    <property name="os.version" value="4.15.0-112-generic" />
    <property name="ant.file" value="/home/sid/IdeaProjects/AirportManagementSystem/AirportManagementSystem/build.xml" />
    <property name="user.home" value="/home/sid" />
    <property name="user.timezone" value="" />
    <property name="java.awt.printerjob" value="sun.print.PSPrinterJob" />
    <property name="file.encoding" value="UTF-8" />
    <property name="java.specification.version" value="1.8" />
    <property name="ant.file.AirportManagementSystem" value="/home/sid/IdeaProjects/AirportManagementSystem/AirportManagementSystem/build.xml" />
    <property name="user.name" value="sid" />
    <property name="java.class.path" value="/home/sid/IdeaProjects/AirportManagementSystem/AirportManagementSystem/lib/hamcrest-core-1.3.jar:/home/sid/IdeaProjects/AirportManagementSystem/AirportManagementSystem/lib/junit-4.12.jar:/home/sid/IdeaProjects/AirportManagementSystem/AirportManagementSystem/lib/opencsv-2.2.jar:/home/sid/IdeaProjects/AirportManagementSystem/AirportManagementSystem/build:/usr/share/ant/lib/junit.jar:/usr/share/java/ant-launcher-1.9.6.jar:/usr/share/ant/lib/ant.jar:/usr/share/ant/lib/ant-junit.jar:/usr/share/ant/lib/ant-junit4.jar" />
    <property name="java.vm.specification.version" value="1.8" />
    <property name="sun.java.command" value="org.apache.tools.ant.taskdefs.optional.junit.JUnitTestRunner AirportTest skipNonTests=false filtertrace=true haltOnError=false haltOnFailure=false formatter=org.apache.tools.ant.taskdefs.optional.junit.SummaryJUnitResultFormatter showoutput=false outputtoformatters=true logfailedtests=true threadid=0 logtestlistenerevents=false formatter=org.apache.tools.ant.taskdefs.optional.junit.XMLJUnitResultFormatter,/home/sid/IdeaProjects/AirportManagementSystem/AirportManagementSystem/build/TEST-AirportTest.xml formatter=org.apache.tools.ant.taskdefs.optional.junit.PlainJUnitResultFormatter,/home/sid/IdeaProjects/AirportManagementSystem/AirportManagementSystem/build/TEST-AirportTest.txt crashfile=/home/sid/IdeaProjects/AirportManagementSystem/AirportManagementSystem/junitvmwatcher2879677373051677543.properties propsfile=/home/sid/IdeaProjects/AirportManagementSystem/AirportManagementSystem/junit2521012976466213081.properties" />
    <property name="java.home" value="/usr/lib/jvm/java-8-openjdk-amd64/jre" />
    <property name="sun.arch.data.model" value="64" />
    <property name="java.specification.vendor" value="Oracle Corporation" />
    <property name="user.language" value="en" />
    <property name="awt.toolkit" value="sun.awt.X11.XToolkit" />
    <property name="java.vm.info" value="mixed mode" />
    <property name="java.version" value="1.8.0_252" />
    <property name="java.ext.dirs" value="/usr/lib/jvm/java-8-openjdk-amd64/jre/lib/ext:/usr/java/packages/lib/ext" />
    <property name="sun.boot.class.path" value="/usr/lib/jvm/java-8-openjdk-amd64/jre/lib/resources.jar:/usr/lib/jvm/java-8-openjdk-amd64/jre/lib/rt.jar:/usr/lib/jvm/java-8-openjdk-amd64/jre/lib/sunrsasign.jar:/usr/lib/jvm/java-8-openjdk-amd64/jre/lib/jsse.jar:/usr/lib/jvm/java-8-openjdk-amd64/jre/lib/jce.jar:/usr/lib/jvm/java-8-openjdk-amd64/jre/lib/charsets.jar:/usr/lib/jvm/java-8-openjdk-amd64/jre/lib/jfr.jar:/usr/lib/jvm/java-8-openjdk-amd64/jre/classes" />
    <property name="java.vendor" value="Private Build" />
    <property name="file.separator" value="/" />
    <property name="src.dir" value="src" />
    <property name="java.vendor.url.bug" value="http://bugreport.sun.com/bugreport/" />
    <property name="sun.cpu.endian" value="little" />
    <property name="sun.io.unicode.encoding" value="UnicodeLittle" />
    <property name="ant.file.type" value="file" />
    <property name="sun.desktop" value="gnome" />
    <property name="sun.cpu.isalist" value="" />
  </properties>
  <testcase classname="AirportTest" name="generateAllReports" time="0.035" />
  <testcase classname="AirportTest" name="bookTickets" time="0.002" />
  <testcase classname="AirportTest" name="loadFlightInfo" time="0.001" />
  <testcase classname="AirportTest" name="generateFlightReport" time="0.001" />
  <testcase classname="AirportTest" name="checkPassenger" time="0.003" />
  <system-out><![CDATA[Booking for John Smith successful with PNR 06AB00
Booking for Bob Miller successful with PNR 07AF00
Booking for Mary Garcia successful with PNR 06AB01
Booking for Maria Smith successful with PNR 09AE00
Booking for Geeta Patil successful with PNR 02CA00
Booking for Aditi Rao successful with PNR 07AF01
Booking for Rita Singth successful with PNR 07AF02
Booking for Rahul Shah successful with PNR 06AB02
Booking for Harsh Mittal successful with PNR 02CA01
Booking for Raj Patel successful with PNR 05EB00
Booking for John Smith successful with PNR 06AB00
Booking for Bob Miller successful with PNR 07AF00
Booking for Mary Garcia successful with PNR 06AB01
Booking for Maria Smith successful with PNR 09AE00
Booking for Geeta Patil successful with PNR 02CA00
Booking for Aditi Rao successful with PNR 07AF01
Booking for Rita Singth successful with PNR 07AF02
Booking for Rahul Shah successful with PNR 06AB02
Booking for Harsh Mittal successful with PNR 02CA01
Booking for Raj Patel successful with PNR 05EB00
Booking for John Smith successful with PNR 06AB00
Booking for Bob Miller successful with PNR 07AF00
Booking for Mary Garcia successful with PNR 06AB01
Booking for Maria Smith successful with PNR 09AE00
Booking for Geeta Patil successful with PNR 02CA00
Booking for Aditi Rao successful with PNR 07AF01
Booking for Rita Singth successful with PNR 07AF02
Booking for Rahul Shah successful with PNR 06AB02
Booking for Harsh Mittal successful with PNR 02CA01
Booking for Raj Patel successful with PNR 05EB00
Booking for John Smith successful with PNR 06AB00
Booking for Bob Miller successful with PNR 07AF00
Booking for Mary Garcia successful with PNR 06AB01
Booking for Maria Smith successful with PNR 09AE00
Booking for Geeta Patil successful with PNR 02CA00
Booking for Aditi Rao successful with PNR 07AF01
Booking for Rita Singth successful with PNR 07AF02
Booking for Rahul Shah successful with PNR 06AB02
Booking for Harsh Mittal successful with PNR 02CA01
Booking for Raj Patel successful with PNR 05EB00
Booking for John Smith successful with PNR 06AB00
Booking for Bob Miller successful with PNR 07AF00
Booking for Mary Garcia successful with PNR 06AB01
Booking for Maria Smith successful with PNR 09AE00
Booking for Geeta Patil successful with PNR 02CA00
Booking for Aditi Rao successful with PNR 07AF01
Booking for Rita Singth successful with PNR 07AF02
Booking for Rahul Shah successful with PNR 06AB02
Booking for Harsh Mittal successful with PNR 02CA01
Booking for Raj Patel successful with PNR 05EB00
]]></system-out>
  <system-err><![CDATA[]]></system-err>
</testsuite>
